<?xml version="1.0" encoding="UTF-8"?>
<robot generator="Robot 7.3.2 (Python 3.13.9 on win32)" generated="2025-11-26T13:53:09.104619" rpa="false" schemaversion="5">
<suite id="s1" name="Registration" source="Z:\2025-ITDS362-Group8\project_phase2\UI_Testing\test\registration.robot">
<kw name="Open Browser To Login Page" type="SETUP">
<kw name="Open Browser" owner="SeleniumLibrary">
<msg time="2025-11-26T13:53:09.626605" level="INFO">Opening browser 'Chrome' to base url 'http://10.34.112.158:8000/dk'.</msg>
<arg>${WEBSITE}</arg>
<arg>${BROWSER}</arg>
<doc>Opens a new browser instance to the optional ``url``.</doc>
<status status="PASS" start="2025-11-26T13:53:09.626211" elapsed="3.509708"/>
</kw>
<kw name="Maximize Browser Window" owner="SeleniumLibrary">
<doc>Maximizes current browser window.</doc>
<status status="PASS" start="2025-11-26T13:53:13.136326" elapsed="0.084181"/>
</kw>
<status status="PASS" start="2025-11-26T13:53:09.625379" elapsed="3.595359"/>
</kw>
<test id="s1-t1" name="Valid Registration Page" line="21">
<kw name="Go To Login Page" type="SETUP">
<kw name="Go To" owner="SeleniumLibrary">
<msg time="2025-11-26T13:53:13.222540" level="INFO">Opening url 'http://10.34.112.158:8000/dk'</msg>
<arg>${WEBSITE}</arg>
<doc>Navigates the current browser window to the provided ``url``.</doc>
<status status="PASS" start="2025-11-26T13:53:13.222287" elapsed="0.766888"/>
</kw>
<status status="PASS" start="2025-11-26T13:53:13.221872" elapsed="0.767488"/>
</kw>
<kw name="Create Random User">
<kw name="Generate Random String" owner="String">
<msg time="2025-11-26T13:53:13.991048" level="INFO">${ValidFirstname} = jwUHdU</msg>
<var>${ValidFirstname}</var>
<arg>6</arg>
<arg>[LETTERS]</arg>
<doc>Generates a string with a desired ``length`` from the given ``chars``.</doc>
<status status="PASS" start="2025-11-26T13:53:13.990465" elapsed="0.000660"/>
</kw>
<kw name="Generate Random String" owner="String">
<msg time="2025-11-26T13:53:13.991717" level="INFO">${ValidLastname} = GYFXcabG</msg>
<var>${ValidLastname}</var>
<arg>8</arg>
<arg>[LETTERS]</arg>
<doc>Generates a string with a desired ``length`` from the given ``chars``.</doc>
<status status="PASS" start="2025-11-26T13:53:13.991381" elapsed="0.000383"/>
</kw>
<kw name="Generate Random String" owner="String">
<msg time="2025-11-26T13:53:13.992240" level="INFO">${RANDOM_NUM} = 203</msg>
<var>${RANDOM_NUM}</var>
<arg>3</arg>
<arg>[NUMBERS]</arg>
<doc>Generates a string with a desired ``length`` from the given ``chars``.</doc>
<status status="PASS" start="2025-11-26T13:53:13.991952" elapsed="0.000335"/>
</kw>
<kw name="Set Variable" owner="BuiltIn">
<msg time="2025-11-26T13:53:13.992801" level="INFO">${ValidEmail} = jwUHdU.GYFXcabG203@mahidol.com</msg>
<var>${ValidEmail}</var>
<arg>${ValidFirstname}.${ValidLastname}${RANDOM_NUM}@mahidol.com</arg>
<doc>Returns the given values which can then be assigned to a variables.</doc>
<status status="PASS" start="2025-11-26T13:53:13.992469" elapsed="0.000378"/>
</kw>
<kw name="Generate Random String" owner="String">
<msg time="2025-11-26T13:53:13.993342" level="INFO">${ValidPhone} = 7103836743</msg>
<var>${ValidPhone}</var>
<arg>10</arg>
<arg>[NUMBERS]</arg>
<doc>Generates a string with a desired ``length`` from the given ``chars``.</doc>
<status status="PASS" start="2025-11-26T13:53:13.993020" elapsed="0.000374"/>
</kw>
<kw name="Generate Random String" owner="String">
<msg time="2025-11-26T13:53:13.993902" level="INFO">${ValidPassword} = HYMxQrsgJK</msg>
<var>${ValidPassword}</var>
<arg>10</arg>
<arg>[LETTERS]</arg>
<doc>Generates a string with a desired ``length`` from the given ``chars``.</doc>
<status status="PASS" start="2025-11-26T13:53:13.993581" elapsed="0.000362"/>
</kw>
<kw name="Set Test Variable" owner="BuiltIn">
<msg time="2025-11-26T13:53:13.994325" level="INFO">${ValidFirstname} = jwUHdU</msg>
<arg>${ValidFirstname}</arg>
<doc>Makes a variable available everywhere within the scope of the current test.</doc>
<status status="PASS" start="2025-11-26T13:53:13.994101" elapsed="0.000277"/>
</kw>
<kw name="Set Test Variable" owner="BuiltIn">
<msg time="2025-11-26T13:53:13.994672" level="INFO">${ValidLastname} = GYFXcabG</msg>
<arg>${ValidLastname}</arg>
<doc>Makes a variable available everywhere within the scope of the current test.</doc>
<status status="PASS" start="2025-11-26T13:53:13.994506" elapsed="0.000211"/>
</kw>
<kw name="Set Test Variable" owner="BuiltIn">
<msg time="2025-11-26T13:53:13.995029" level="INFO">${ValidEmail} = jwUHdU.GYFXcabG203@mahidol.com</msg>
<arg>${ValidEmail}</arg>
<doc>Makes a variable available everywhere within the scope of the current test.</doc>
<status status="PASS" start="2025-11-26T13:53:13.994830" elapsed="0.000257"/>
</kw>
<kw name="Set Test Variable" owner="BuiltIn">
<msg time="2025-11-26T13:53:13.995430" level="INFO">${ValidPhone} = 7103836743</msg>
<arg>${ValidPhone}</arg>
<doc>Makes a variable available everywhere within the scope of the current test.</doc>
<status status="PASS" start="2025-11-26T13:53:13.995224" elapsed="0.000256"/>
</kw>
<kw name="Set Test Variable" owner="BuiltIn">
<msg time="2025-11-26T13:53:13.996005" level="INFO">${ValidPassword} = HYMxQrsgJK</msg>
<arg>${ValidPassword}</arg>
<doc>Makes a variable available everywhere within the scope of the current test.</doc>
<status status="PASS" start="2025-11-26T13:53:13.995690" elapsed="0.000404"/>
</kw>
<status status="PASS" start="2025-11-26T13:53:13.989936" elapsed="0.006299"/>
</kw>
<kw name="Click Element" owner="SeleniumLibrary">
<msg time="2025-11-26T13:53:13.997377" level="INFO">Clicking element 'css:[data-testid="nav-account-link"]'.</msg>
<arg>${Account_Button}</arg>
<doc>Click the element identified by ``locator``.</doc>
<status status="PASS" start="2025-11-26T13:53:13.996638" elapsed="0.196784"/>
</kw>
<kw name="Wait Until Element Is Visible" owner="SeleniumLibrary">
<arg>${SignUp_Button}</arg>
<arg>30s</arg>
<doc>Waits until the element ``locator`` is visible.</doc>
<status status="PASS" start="2025-11-26T13:53:14.193921" elapsed="0.730545"/>
</kw>
<kw name="Click Element" owner="SeleniumLibrary">
<msg time="2025-11-26T13:53:14.925241" level="INFO">Clicking element 'css:[data-testid="register-button"]'.</msg>
<arg>${SignUp_Button}</arg>
<doc>Click the element identified by ``locator``.</doc>
<status status="PASS" start="2025-11-26T13:53:14.924877" elapsed="0.125411"/>
</kw>
<kw name="Page Should Contain" owner="SeleniumLibrary">
<msg time="2025-11-26T13:53:15.079372" level="INFO">Current page contains text 'Become a Medusa Store Member'.</msg>
<arg>Become a Medusa Store Member</arg>
<doc>Verifies that current page contains ``text``.</doc>
<status status="PASS" start="2025-11-26T13:53:15.050712" elapsed="0.028809"/>
</kw>
<kw name="Wait Until Element Is Visible" owner="SeleniumLibrary">
<arg>${LOC_REGISTER.first_name}</arg>
<arg>30s</arg>
<doc>Waits until the element ``locator`` is visible.</doc>
<status status="PASS" start="2025-11-26T13:53:15.080038" elapsed="0.026459"/>
</kw>
<kw name="Wait Until Element Is Visible" owner="SeleniumLibrary">
<arg>${LOC_REGISTER.last_name}</arg>
<arg>30s</arg>
<doc>Waits until the element ``locator`` is visible.</doc>
<status status="PASS" start="2025-11-26T13:53:15.107102" elapsed="0.022368"/>
</kw>
<kw name="Wait Until Element Is Visible" owner="SeleniumLibrary">
<arg>${LOC_REGISTER.email}</arg>
<arg>30s</arg>
<doc>Waits until the element ``locator`` is visible.</doc>
<status status="PASS" start="2025-11-26T13:53:15.130000" elapsed="0.026301"/>
</kw>
<kw name="Wait Until Element Is Visible" owner="SeleniumLibrary">
<arg>${LOC_REGISTER.phone}</arg>
<arg>30s</arg>
<doc>Waits until the element ``locator`` is visible.</doc>
<status status="PASS" start="2025-11-26T13:53:15.157070" elapsed="0.024235"/>
</kw>
<kw name="Wait Until Element Is Visible" owner="SeleniumLibrary">
<arg>${LOC_REGISTER.password}</arg>
<arg>30s</arg>
<doc>Waits until the element ``locator`` is visible.</doc>
<status status="PASS" start="2025-11-26T13:53:15.181739" elapsed="0.024523"/>
</kw>
<kw name="Input Text" owner="SeleniumLibrary">
<msg time="2025-11-26T13:53:15.208683" level="INFO">Typing text 'jwUHdU' into text field 'css:[data-testid="first-name-input"]'.</msg>
<arg>${LOC_REGISTER.first_name}</arg>
<arg>${ValidFirstname}</arg>
<doc>Types the given ``text`` into the text field identified by ``locator``.</doc>
<status status="PASS" start="2025-11-26T13:53:15.207428" elapsed="0.141542"/>
</kw>
<kw name="Input Text" owner="SeleniumLibrary">
<msg time="2025-11-26T13:53:15.350513" level="INFO">Typing text 'GYFXcabG' into text field 'css:[data-testid="last-name-input"]'.</msg>
<arg>${LOC_REGISTER.last_name}</arg>
<arg>${ValidLastname}</arg>
<doc>Types the given ``text`` into the text field identified by ``locator``.</doc>
<status status="PASS" start="2025-11-26T13:53:15.349443" elapsed="0.173402"/>
</kw>
<kw name="Input Text" owner="SeleniumLibrary">
<msg time="2025-11-26T13:53:15.524560" level="INFO">Typing text 'jwUHdU.GYFXcabG203@mahidol.com' into text field 'css:[data-testid="email-input"]'.</msg>
<arg>${LOC_REGISTER.email}</arg>
<arg>${ValidEmail}</arg>
<doc>Types the given ``text`` into the text field identified by ``locator``.</doc>
<status status="PASS" start="2025-11-26T13:53:15.523475" elapsed="0.258860"/>
</kw>
<kw name="Input Text" owner="SeleniumLibrary">
<msg time="2025-11-26T13:53:15.784344" level="INFO">Typing text '7103836743' into text field 'css:[data-testid="phone-input"]'.</msg>
<arg>${LOC_REGISTER.phone}</arg>
<arg>${ValidPhone}</arg>
<doc>Types the given ``text`` into the text field identified by ``locator``.</doc>
<status status="PASS" start="2025-11-26T13:53:15.782809" elapsed="0.152790"/>
</kw>
<kw name="Input Text" owner="SeleniumLibrary">
<msg time="2025-11-26T13:53:15.937686" level="INFO">Typing text 'HYMxQrsgJK' into text field 'css:[data-testid="password-input"]'.</msg>
<arg>${LOC_REGISTER.password}</arg>
<arg>${ValidPassword}</arg>
<doc>Types the given ``text`` into the text field identified by ``locator``.</doc>
<status status="PASS" start="2025-11-26T13:53:15.936280" elapsed="0.127596"/>
</kw>
<kw name="Sleep" owner="BuiltIn">
<msg time="2025-11-26T13:53:18.065152" level="INFO">Slept 2 seconds.</msg>
<arg>2s</arg>
<doc>Pauses the test executed for the given time.</doc>
<status status="PASS" start="2025-11-26T13:53:16.064367" elapsed="2.000967"/>
</kw>
<kw name="Click Element" owner="SeleniumLibrary">
<msg time="2025-11-26T13:53:18.067550" level="INFO">Clicking element 'css:[data-testid="register-button"]'.</msg>
<arg>${LOC_REGISTER.submit}</arg>
<doc>Click the element identified by ``locator``.</doc>
<status status="PASS" start="2025-11-26T13:53:18.066531" elapsed="0.124255"/>
</kw>
<kw name="Wait Until Page Contains" owner="SeleniumLibrary">
<arg>Hello ${ValidFirstname}</arg>
<arg>30s</arg>
<doc>Waits until ``text`` appears on the current page.</doc>
<status status="PASS" start="2025-11-26T13:53:18.191208" elapsed="5.168007"/>
</kw>
<kw name="Capture Page Screenshot" owner="SeleniumLibrary" type="TEARDOWN">
<msg time="2025-11-26T13:53:23.502662" level="INFO" html="true">&lt;/td&gt;&lt;/tr&gt;&lt;tr&gt;&lt;td colspan="3"&gt;&lt;a href="selenium-screenshot-1.png"&gt;&lt;img src="selenium-screenshot-1.png" width="800px"&gt;&lt;/a&gt;</msg>
<doc>Takes a screenshot of the current page and embeds it into a log file.</doc>
<status status="PASS" start="2025-11-26T13:53:23.359766" elapsed="0.143118"/>
</kw>
<status status="PASS" start="2025-11-26T13:53:13.221034" elapsed="10.282302"/>
</test>
<kw name="Close Browser" type="TEARDOWN">
<kw name="Close All Browsers" owner="SeleniumLibrary">
<doc>Closes all open browsers and resets the browser cache.</doc>
<status status="PASS" start="2025-11-26T13:53:23.507948" elapsed="2.358884"/>
</kw>
<status status="PASS" start="2025-11-26T13:53:23.506919" elapsed="2.360088"/>
</kw>
<status status="PASS" start="2025-11-26T13:53:09.107167" elapsed="16.759942"/>
</suite>
<statistics>
<total>
<stat pass="1" fail="0" skip="0">All Tests</stat>
</total>
<tag>
</tag>
<suite>
<stat name="Registration" id="s1" pass="1" fail="0" skip="0">Registration</stat>
</suite>
</statistics>
<errors>
</errors>
</robot>
