<?xml version="1.0" encoding="UTF-8"?>
<robot generator="Robot 7.3.2 (Python 3.13.9 on win32)" generated="2025-11-26T13:55:10.753860" rpa="false" schemaversion="5">
<suite id="s1" name="addNewPromotion" source="Z:\2025-ITDS362-Group8\project_phase2\UI_Testing\test\addNewPromotion.robot">
<kw name="Open Browser To Login Page" type="SETUP">
<kw name="Open Browser" owner="SeleniumLibrary">
<msg time="2025-11-26T13:55:11.246033" level="INFO">Opening browser 'Chrome' to base url 'http://10.34.112.158:9000/app/login'.</msg>
<arg>${WEBSITE}</arg>
<arg>${BROWSER}</arg>
<doc>Opens a new browser instance to the optional ``url``.</doc>
<status status="PASS" start="2025-11-26T13:55:11.245605" elapsed="3.065951"/>
</kw>
<kw name="Maximize Browser Window" owner="SeleniumLibrary">
<doc>Maximizes current browser window.</doc>
<status status="PASS" start="2025-11-26T13:55:14.311946" elapsed="0.121358"/>
</kw>
<status status="PASS" start="2025-11-26T13:55:11.244314" elapsed="3.189226"/>
</kw>
<test id="s1-t1" name="Create Free shipping Promotion Code" line="20">
<kw name="Login to Admin panel" type="SETUP">
<kw name="Go To" owner="SeleniumLibrary">
<msg time="2025-11-26T13:55:14.436050" level="INFO">Opening url 'http://10.34.112.158:9000/app/login'</msg>
<arg>${WEBSITE}</arg>
<doc>Navigates the current browser window to the provided ``url``.</doc>
<status status="PASS" start="2025-11-26T13:55:14.435645" elapsed="0.616727"/>
</kw>
<kw name="Input Text" owner="SeleniumLibrary">
<msg time="2025-11-26T13:55:15.054028" level="INFO">Typing text 'group8@mu-store.local' into text field 'css:input[name="email"]'.</msg>
<arg>${LOC_AdminLogin.email}</arg>
<arg>${email}</arg>
<doc>Types the given ``text`` into the text field identified by ``locator``.</doc>
<status status="PASS" start="2025-11-26T13:55:15.052698" elapsed="0.284875"/>
</kw>
<kw name="Input Text" owner="SeleniumLibrary">
<msg time="2025-11-26T13:55:15.339037" level="INFO">Typing text 'Bw3$kxN6' into text field 'css:input[name="password"]'.</msg>
<arg>${LOC_AdminLogin.password}</arg>
<arg>${password}</arg>
<doc>Types the given ``text`` into the text field identified by ``locator``.</doc>
<status status="PASS" start="2025-11-26T13:55:15.337897" elapsed="0.131466"/>
</kw>
<kw name="Click Element" owner="SeleniumLibrary">
<msg time="2025-11-26T13:55:15.471002" level="INFO">Clicking element 'xpath=//*[normalize-space(.)="Continue with Email"]'.</msg>
<arg>${LOC_AdminLogin.loginButton}</arg>
<doc>Click the element identified by ``locator``.</doc>
<status status="PASS" start="2025-11-26T13:55:15.469657" elapsed="0.108553"/>
</kw>
<status status="PASS" start="2025-11-26T13:55:14.435031" elapsed="1.143336"/>
</kw>
<kw name="Wait Until Element Is Visible" owner="SeleniumLibrary">
<arg>${LOC_Promotion.PageTitle}</arg>
<arg>30s</arg>
<doc>Waits until the element ``locator`` is visible.</doc>
<status status="PASS" start="2025-11-26T13:55:15.578812" elapsed="1.222481"/>
</kw>
<kw name="Wait And Click">
<kw name="Wait Until Element Is Visible" owner="SeleniumLibrary">
<arg>${locator}</arg>
<arg>${timeout}</arg>
<doc>Waits until the element ``locator`` is visible.</doc>
<status status="PASS" start="2025-11-26T13:55:16.802800" elapsed="0.032898"/>
</kw>
<kw name="Click Element" owner="SeleniumLibrary">
<msg time="2025-11-26T13:55:16.836453" level="INFO">Clicking element 'xpath=//*[normalize-space(.)="Promotions"]'.</msg>
<arg>${locator}</arg>
<doc>Click the element identified by ``locator``.</doc>
<status status="PASS" start="2025-11-26T13:55:16.836073" elapsed="0.198447"/>
</kw>
<arg>${LOC_Promotion.PromotionNav}</arg>
<status status="PASS" start="2025-11-26T13:55:16.801852" elapsed="0.232849"/>
</kw>
<kw name="Wait And Click">
<kw name="Wait Until Element Is Visible" owner="SeleniumLibrary">
<arg>${locator}</arg>
<arg>${timeout}</arg>
<doc>Waits until the element ``locator`` is visible.</doc>
<status status="PASS" start="2025-11-26T13:55:17.036584" elapsed="0.264601"/>
</kw>
<kw name="Click Element" owner="SeleniumLibrary">
<msg time="2025-11-26T13:55:17.301916" level="INFO">Clicking element 'xpath=//a[normalize-space(.)="Create"]'.</msg>
<arg>${locator}</arg>
<doc>Click the element identified by ``locator``.</doc>
<status status="PASS" start="2025-11-26T13:55:17.301519" elapsed="0.180876"/>
</kw>
<arg>${LOC_Promotion.AddPromotion}</arg>
<status status="PASS" start="2025-11-26T13:55:17.035371" elapsed="0.447259"/>
</kw>
<kw name="Wait And Click">
<kw name="Wait Until Element Is Visible" owner="SeleniumLibrary">
<arg>${locator}</arg>
<arg>${timeout}</arg>
<doc>Waits until the element ``locator`` is visible.</doc>
<status status="PASS" start="2025-11-26T13:55:17.484818" elapsed="0.464263"/>
</kw>
<kw name="Click Element" owner="SeleniumLibrary">
<msg time="2025-11-26T13:55:17.949825" level="INFO">Clicking element 'xpath=//button[@role="radio" and @value="shipping_discount"]'.</msg>
<arg>${locator}</arg>
<doc>Click the element identified by ``locator``.</doc>
<status status="PASS" start="2025-11-26T13:55:17.949438" elapsed="0.115173"/>
</kw>
<arg>${LOC_Promotion.ShippingDiscountBtn}</arg>
<status status="PASS" start="2025-11-26T13:55:17.483346" elapsed="0.581462"/>
</kw>
<kw name="Wait And Click">
<kw name="Wait Until Element Is Visible" owner="SeleniumLibrary">
<arg>${locator}</arg>
<arg>${timeout}</arg>
<doc>Waits until the element ``locator`` is visible.</doc>
<status status="PASS" start="2025-11-26T13:55:18.066349" elapsed="0.027331"/>
</kw>
<kw name="Click Element" owner="SeleniumLibrary">
<msg time="2025-11-26T13:55:18.094605" level="INFO">Clicking element 'xpath=(//button[normalize-space(.)="Continue"])[last()]'.</msg>
<arg>${locator}</arg>
<doc>Click the element identified by ``locator``.</doc>
<status status="PASS" start="2025-11-26T13:55:18.093967" elapsed="0.153436"/>
</kw>
<arg>${LOC_Promotion.ContinueButton}</arg>
<status status="PASS" start="2025-11-26T13:55:18.065310" elapsed="0.182283"/>
</kw>
<kw name="Wait Until Element Is Visible" owner="SeleniumLibrary">
<arg>${LOC_Promotion.PromotionMethod}</arg>
<arg>30s</arg>
<doc>Waits until the element ``locator`` is visible.</doc>
<status status="PASS" start="2025-11-26T13:55:18.247987" elapsed="0.071057"/>
</kw>
<kw name="Click Element" owner="SeleniumLibrary">
<msg time="2025-11-26T13:55:18.320803" level="INFO">Clicking element 'xpath=//button[@role="radio" and .//label[normalize-space(.)="Promotion code"]]'.</msg>
<arg>${LOC_Promotion.PromotionMethod}</arg>
<doc>Click the element identified by ``locator``.</doc>
<status status="PASS" start="2025-11-26T13:55:18.319704" elapsed="0.099702"/>
</kw>
<kw name="Click Element" owner="SeleniumLibrary">
<msg time="2025-11-26T13:55:18.420711" level="INFO">Clicking element 'xpath=//button[@role="radio" and @value="active"]'.</msg>
<arg>${LOC_Promotion.Status}</arg>
<doc>Click the element identified by ``locator``.</doc>
<status status="PASS" start="2025-11-26T13:55:18.419892" elapsed="0.116717"/>
</kw>
<kw name="Generate Promotion Code">
<kw name="Set Variable" owner="BuiltIn">
<msg time="2025-11-26T13:55:18.537994" level="INFO">${prefix} = FREESHIP</msg>
<var>${prefix}</var>
<arg>FREESHIP</arg>
<doc>Returns the given values which can then be assigned to a variables.</doc>
<status status="PASS" start="2025-11-26T13:55:18.537813" elapsed="0.000215"/>
</kw>
<kw name="Generate Random String" owner="String">
<msg time="2025-11-26T13:55:18.538592" level="INFO">${rand_part} = MvM0</msg>
<var>${rand_part}</var>
<arg>4</arg>
<arg>[LETTERS][NUMBERS]</arg>
<doc>Generates a string with a desired ``length`` from the given ``chars``.</doc>
<status status="PASS" start="2025-11-26T13:55:18.538187" elapsed="0.000451"/>
</kw>
<kw name="Set Variable" owner="BuiltIn">
<msg time="2025-11-26T13:55:18.539517" level="INFO">${promo_code} = FREESHIP-MvM0</msg>
<var>${promo_code}</var>
<arg>${prefix}-${rand_part}</arg>
<doc>Returns the given values which can then be assigned to a variables.</doc>
<status status="PASS" start="2025-11-26T13:55:18.539139" elapsed="0.000444"/>
</kw>
<kw name="Log To Console" owner="BuiltIn">
<arg>Generated promo code: ${promo_code}</arg>
<doc>Logs the given message to the console.</doc>
<status status="PASS" start="2025-11-26T13:55:18.539795" elapsed="0.000707"/>
</kw>
<return>
<value>${promo_code}</value>
<status status="PASS" start="2025-11-26T13:55:18.540660" elapsed="0.000122"/>
</return>
<msg time="2025-11-26T13:55:18.541055" level="INFO">${PROMO_CODE} = FREESHIP-MvM0</msg>
<var>${PROMO_CODE}</var>
<status status="PASS" start="2025-11-26T13:55:18.537407" elapsed="0.003692"/>
</kw>
<kw name="Input Text" owner="SeleniumLibrary">
<msg time="2025-11-26T13:55:18.542025" level="INFO">Typing text 'FREESHIP-MvM0' into text field 'xpath=//input[@placeholder="SUMMER15"]'.</msg>
<arg>${LOC_Promotion.CodeInput}</arg>
<arg>${PROMO_CODE}</arg>
<doc>Types the given ``text`` into the text field identified by ``locator``.</doc>
<status status="PASS" start="2025-11-26T13:55:18.541409" elapsed="0.204119"/>
</kw>
<kw name="Wait And Click">
<kw name="Wait Until Element Is Visible" owner="SeleniumLibrary">
<arg>${locator}</arg>
<arg>${timeout}</arg>
<doc>Waits until the element ``locator`` is visible.</doc>
<status status="PASS" start="2025-11-26T13:55:18.746937" elapsed="0.023504"/>
</kw>
<kw name="Click Element" owner="SeleniumLibrary">
<msg time="2025-11-26T13:55:18.771192" level="INFO">Clicking element 'xpath=(//button[normalize-space(.)="Continue"])[last()]'.</msg>
<arg>${locator}</arg>
<doc>Click the element identified by ``locator``.</doc>
<status status="PASS" start="2025-11-26T13:55:18.770817" elapsed="0.133262"/>
</kw>
<arg>${LOC_Promotion.ContinueButton}</arg>
<status status="PASS" start="2025-11-26T13:55:18.746070" elapsed="0.158254"/>
</kw>
<kw name="Wait And Click">
<kw name="Wait Until Element Is Visible" owner="SeleniumLibrary">
<arg>${locator}</arg>
<arg>${timeout}</arg>
<doc>Waits until the element ``locator`` is visible.</doc>
<status status="PASS" start="2025-11-26T13:55:18.906061" elapsed="0.026647"/>
</kw>
<kw name="Click Element" owner="SeleniumLibrary">
<msg time="2025-11-26T13:55:18.933643" level="INFO">Clicking element 'xpath=//button[@role="radio" and .//label[normalize-space(.)="Without Campaign"]]'.</msg>
<arg>${locator}</arg>
<doc>Click the element identified by ``locator``.</doc>
<status status="PASS" start="2025-11-26T13:55:18.933095" elapsed="0.110457"/>
</kw>
<arg>${LOC_Promotion.Campaign}</arg>
<status status="PASS" start="2025-11-26T13:55:18.904907" elapsed="0.138850"/>
</kw>
<kw name="Wait And Click">
<kw name="Wait Until Element Is Visible" owner="SeleniumLibrary">
<arg>${locator}</arg>
<arg>${timeout}</arg>
<doc>Waits until the element ``locator`` is visible.</doc>
<status status="PASS" start="2025-11-26T13:55:19.045189" elapsed="0.028204"/>
</kw>
<kw name="Click Element" owner="SeleniumLibrary">
<msg time="2025-11-26T13:55:19.074007" level="INFO">Clicking element 'xpath=(//button[normalize-space(.)="Save"])[last()]'.</msg>
<arg>${locator}</arg>
<doc>Click the element identified by ``locator``.</doc>
<status status="PASS" start="2025-11-26T13:55:19.073672" elapsed="0.129137"/>
</kw>
<arg>${LOC_Promotion.SaveButton}</arg>
<status status="PASS" start="2025-11-26T13:55:19.044295" elapsed="0.158667"/>
</kw>
<kw name="Wait Until Page Contains" owner="SeleniumLibrary">
<arg>${PROMO_CODE}</arg>
<arg>30s</arg>
<doc>Waits until ``text`` appears on the current page.</doc>
<status status="PASS" start="2025-11-26T13:55:19.203401" elapsed="0.509305"/>
</kw>
<kw name="Capture Page Screenshot" owner="SeleniumLibrary" type="TEARDOWN">
<msg time="2025-11-26T13:55:20.212502" level="INFO" html="true">&lt;/td&gt;&lt;/tr&gt;&lt;tr&gt;&lt;td colspan="3"&gt;&lt;a href="selenium-screenshot-1.png"&gt;&lt;img src="selenium-screenshot-1.png" width="800px"&gt;&lt;/a&gt;</msg>
<doc>Takes a screenshot of the current page and embeds it into a log file.</doc>
<status status="PASS" start="2025-11-26T13:55:19.713441" elapsed="0.499424"/>
</kw>
<doc>Verify that admin can create a Free Shipping promotion code successfully.</doc>
<tag>free_shipping</tag>
<tag>promotion</tag>
<tag>ui</tag>
<status status="PASS" start="2025-11-26T13:55:14.433686" elapsed="5.779513"/>
</test>
<kw name="Close Browser" owner="SeleniumLibrary" type="TEARDOWN">
<doc>Closes the current browser.</doc>
<status status="PASS" start="2025-11-26T13:55:20.215109" elapsed="2.314320"/>
</kw>
<status status="PASS" start="2025-11-26T13:55:10.757218" elapsed="11.772359"/>
</suite>
<statistics>
<total>
<stat pass="1" fail="0" skip="0">All Tests</stat>
</total>
<tag>
<stat pass="1" fail="0" skip="0">free_shipping</stat>
<stat pass="1" fail="0" skip="0">promotion</stat>
<stat pass="1" fail="0" skip="0">ui</stat>
</tag>
<suite>
<stat name="addNewPromotion" id="s1" pass="1" fail="0" skip="0">addNewPromotion</stat>
</suite>
</statistics>
<errors>
<msg time="2025-11-26T13:55:10.747634" level="WARN">Error in file 'Z:\2025-ITDS362-Group8\project_phase2\UI_Testing\test\addNewPromotion.robot' on line 62: The '[Return]' setting is deprecated. Use the 'RETURN' statement instead.</msg>
</errors>
</robot>
